<?xml version="1.0" encoding="UTF-8"?>
<testsuite name="com.tbb.demo.TravelByBusApplicationTests" tests="1" skipped="0" failures="0" errors="0" timestamp="2019-12-15T15:44:49" hostname="DESKTOP-PRELNUC" time="0.402">
  <properties/>
  <testcase name="contextLoads()" classname="com.tbb.demo.TravelByBusApplicationTests" time="0.402"/>
  <system-out><![CDATA[17:44:43.743 [Test worker] DEBUG org.springframework.test.context.BootstrapUtils - Instantiating CacheAwareContextLoaderDelegate from class [org.springframework.test.context.cache.DefaultCacheAwareContextLoaderDelegate]
17:44:43.762 [Test worker] DEBUG org.springframework.test.context.BootstrapUtils - Instantiating BootstrapContext using constructor [public org.springframework.test.context.support.DefaultBootstrapContext(java.lang.Class,org.springframework.test.context.CacheAwareContextLoaderDelegate)]
17:44:43.789 [Test worker] DEBUG org.springframework.test.context.BootstrapUtils - Instantiating TestContextBootstrapper for test class [com.tbb.demo.TravelByBusApplicationTests] from class [org.springframework.boot.test.context.SpringBootTestContextBootstrapper]
17:44:43.820 [Test worker] INFO org.springframework.boot.test.context.SpringBootTestContextBootstrapper - Neither @ContextConfiguration nor @ContextHierarchy found for test class [com.tbb.demo.TravelByBusApplicationTests], using SpringBootContextLoader
17:44:43.824 [Test worker] DEBUG org.springframework.test.context.support.AbstractContextLoader - Did not detect default resource location for test class [com.tbb.demo.TravelByBusApplicationTests]: class path resource [com/tbb/demo/TravelByBusApplicationTests-context.xml] does not exist
17:44:43.825 [Test worker] DEBUG org.springframework.test.context.support.AbstractContextLoader - Did not detect default resource location for test class [com.tbb.demo.TravelByBusApplicationTests]: class path resource [com/tbb/demo/TravelByBusApplicationTestsContext.groovy] does not exist
17:44:43.825 [Test worker] INFO org.springframework.test.context.support.AbstractContextLoader - Could not detect default resource locations for test class [com.tbb.demo.TravelByBusApplicationTests]: no resource found for suffixes {-context.xml, Context.groovy}.
17:44:43.826 [Test worker] INFO org.springframework.test.context.support.AnnotationConfigContextLoaderUtils - Could not detect default configuration classes for test class [com.tbb.demo.TravelByBusApplicationTests]: TravelByBusApplicationTests does not declare any static, non-private, non-final, nested classes annotated with @Configuration.
17:44:43.884 [Test worker] DEBUG org.springframework.test.context.support.ActiveProfilesUtils - Could not find an 'annotation declaring class' for annotation type [org.springframework.test.context.ActiveProfiles] and class [com.tbb.demo.TravelByBusApplicationTests]
17:44:43.963 [Test worker] DEBUG org.springframework.context.annotation.ClassPathScanningCandidateComponentProvider - Identified candidate component class: file [C:\Users\Lyuboslav\IdeaProjects\tbb-api\build\classes\java\main\com\tbb\demo\TravelByBusApplication.class]
17:44:43.964 [Test worker] INFO org.springframework.boot.test.context.SpringBootTestContextBootstrapper - Found @SpringBootConfiguration com.tbb.demo.TravelByBusApplication for test class com.tbb.demo.TravelByBusApplicationTests
17:44:44.089 [Test worker] DEBUG org.springframework.boot.test.context.SpringBootTestContextBootstrapper - @TestExecutionListeners is not present for class [com.tbb.demo.TravelByBusApplicationTests]: using defaults.
17:44:44.132 [Test worker] INFO org.springframework.boot.test.context.SpringBootTestContextBootstrapper - Loaded default TestExecutionListener class names from location [META-INF/spring.factories]: [org.springframework.security.test.context.support.WithSecurityContextTestExecutionListener, org.springframework.security.test.context.support.ReactorContextTestExecutionListener, org.springframework.boot.test.autoconfigure.restdocs.RestDocsTestExecutionListener, org.springframework.boot.test.autoconfigure.web.client.MockRestServiceServerResetTestExecutionListener, org.springframework.boot.test.autoconfigure.web.servlet.MockMvcPrintOnlyOnFailureTestExecutionListener, org.springframework.boot.test.autoconfigure.web.servlet.WebDriverTestExecutionListener, org.springframework.boot.test.mock.mockito.MockitoTestExecutionListener, org.springframework.boot.test.mock.mockito.ResetMocksTestExecutionListener, org.springframework.test.context.web.ServletTestExecutionListener, org.springframework.test.context.support.DirtiesContextBeforeModesTestExecutionListener, org.springframework.test.context.support.DependencyInjectionTestExecutionListener, org.springframework.test.context.support.DirtiesContextTestExecutionListener, org.springframework.test.context.transaction.TransactionalTestExecutionListener, org.springframework.test.context.jdbc.SqlScriptsTestExecutionListener, org.springframework.test.context.event.EventPublishingTestExecutionListener]
17:44:44.185 [Test worker] INFO org.springframework.boot.test.context.SpringBootTestContextBootstrapper - Using TestExecutionListeners: [org.springframework.test.context.web.ServletTestExecutionListener@106858c, org.springframework.test.context.support.DirtiesContextBeforeModesTestExecutionListener@1ab19df, org.springframework.boot.test.mock.mockito.MockitoTestExecutionListener@1b3e680, org.springframework.boot.test.autoconfigure.SpringBootDependencyInjectionTestExecutionListener@9201e8, org.springframework.test.context.support.DirtiesContextTestExecutionListener@14bd413, org.springframework.test.context.transaction.TransactionalTestExecutionListener@f754c4, org.springframework.test.context.jdbc.SqlScriptsTestExecutionListener@182a7c, org.springframework.security.test.context.support.WithSecurityContextTestExecutionListener@c1e416, org.springframework.test.context.event.EventPublishingTestExecutionListener@1535911, org.springframework.security.test.context.support.ReactorContextTestExecutionListener@14669cb, org.springframework.boot.test.autoconfigure.restdocs.RestDocsTestExecutionListener@5af595, org.springframework.boot.test.autoconfigure.web.client.MockRestServiceServerResetTestExecutionListener@16657dc, org.springframework.boot.test.autoconfigure.web.servlet.MockMvcPrintOnlyOnFailureTestExecutionListener@cc11b0, org.springframework.boot.test.autoconfigure.web.servlet.WebDriverTestExecutionListener@1822d3, org.springframework.boot.test.mock.mockito.ResetMocksTestExecutionListener@1819818]
17:44:44.189 [Test worker] DEBUG org.springframework.test.context.support.AbstractDirtiesContextTestExecutionListener - Before test class: context [DefaultTestContext@94c4dd testClass = TravelByBusApplicationTests, testInstance = [null], testMethod = [null], testException = [null], mergedContextConfiguration = [WebMergedContextConfiguration@7b62e5 testClass = TravelByBusApplicationTests, locations = '{}', classes = '{class com.tbb.demo.TravelByBusApplication}', contextInitializerClasses = '[]', activeProfiles = '{}', propertySourceLocations = '{}', propertySourceProperties = '{org.springframework.boot.test.context.SpringBootTestContextBootstrapper=true}', contextCustomizers = set[org.springframework.boot.test.autoconfigure.properties.PropertyMappingContextCustomizer@0, org.springframework.boot.test.autoconfigure.web.servlet.WebDriverContextCustomizerFactory$Customizer@1cc6dde, org.springframework.boot.test.context.filter.ExcludeFilterContextCustomizer@18741c8, org.springframework.boot.test.json.DuplicateJsonObjectContextCustomizerFactory$DuplicateJsonObjectContextCustomizer@dee7cc, org.springframework.boot.test.mock.mockito.MockitoContextCustomizer@0, org.springframework.boot.test.web.client.TestRestTemplateContextCustomizer@109ba7b], resourceBasePath = 'src/main/webapp', contextLoader = 'org.springframework.boot.test.context.SpringBootContextLoader', parent = [null]], attributes = map['org.springframework.test.context.web.ServletTestExecutionListener.activateListener' -> true]], class annotated with @DirtiesContext [false] with mode [null].
17:44:44.230 [Test worker] DEBUG org.springframework.test.context.support.TestPropertySourceUtils - Adding inlined properties to environment: {spring.jmx.enabled=false, org.springframework.boot.test.context.SpringBootTestContextBootstrapper=true, server.port=-1}

  .   ____          _            __ _ _
 /\\ / ___'_ __ _ _(_)_ __  __ _ \ \ \ \
( ( )\___ | '_ | '_| | '_ \/ _` | \ \ \ \
 \\/  ___)| |_)| | | | | || (_| |  ) ) ) )
  '  |____| .__|_| |_|_| |_\__, | / / / /
 =========|_|==============|___/=/_/_/_/
 :: Spring Boot ::        (v2.2.1.RELEASE)

2019-12-15 17:44:44.757  INFO 12900 --- [    Test worker] c.tbb.demo.TravelByBusApplicationTests   : Starting TravelByBusApplicationTests on DESKTOP-PRELNUC with PID 12900 (started by Lyuboslav in C:\Users\Lyuboslav\IdeaProjects\tbb-api)
2019-12-15 17:44:44.758  INFO 12900 --- [    Test worker] c.tbb.demo.TravelByBusApplicationTests   : No active profile set, falling back to default profiles: default
2019-12-15 17:44:45.636  INFO 12900 --- [    Test worker] .s.d.r.c.RepositoryConfigurationDelegate : Bootstrapping Spring Data repositories in DEFAULT mode.
2019-12-15 17:44:45.706  INFO 12900 --- [    Test worker] .s.d.r.c.RepositoryConfigurationDelegate : Finished Spring Data repository scanning in 65ms. Found 3 repository interfaces.
2019-12-15 17:44:46.554  INFO 12900 --- [    Test worker] org.mongodb.driver.cluster               : Cluster created with settings {hosts=[localhost:27017], mode=SINGLE, requiredClusterType=UNKNOWN, serverSelectionTimeout='30000 ms', maxWaitQueueSize=500}
2019-12-15 17:44:46.693  INFO 12900 --- [localhost:27017] org.mongodb.driver.connection            : Opened connection [connectionId{localValue:1, serverValue:144}] to localhost:27017
2019-12-15 17:44:46.700  INFO 12900 --- [localhost:27017] org.mongodb.driver.cluster               : Monitor thread successfully connected to server with description ServerDescription{address=localhost:27017, type=STANDALONE, state=CONNECTED, ok=true, version=ServerVersion{versionList=[4, 2, 1]}, minWireVersion=0, maxWireVersion=8, maxDocumentSize=16777216, logicalSessionTimeoutMinutes=30, roundTripTimeNanos=2743425}
2019-12-15 17:44:46.734  WARN 12900 --- [    Test worker] o.s.data.convert.CustomConversions       : Registering converter from class java.time.LocalDateTime to class java.time.Instant as reading converter although it doesn't convert from a store-supported type! You might wanna check you annotation setup at the converter implementation.
2019-12-15 17:44:46.734  WARN 12900 --- [    Test worker] o.s.data.convert.CustomConversions       : Registering converter from class java.time.Instant to class java.time.LocalDateTime as reading converter although it doesn't convert from a store-supported type! You might wanna check you annotation setup at the converter implementation.
2019-12-15 17:44:46.825  WARN 12900 --- [    Test worker] o.s.data.convert.CustomConversions       : Registering converter from class java.time.LocalDateTime to class java.time.Instant as reading converter although it doesn't convert from a store-supported type! You might wanna check you annotation setup at the converter implementation.
2019-12-15 17:44:46.825  WARN 12900 --- [    Test worker] o.s.data.convert.CustomConversions       : Registering converter from class java.time.Instant to class java.time.LocalDateTime as reading converter although it doesn't convert from a store-supported type! You might wanna check you annotation setup at the converter implementation.
2019-12-15 17:44:47.820  INFO 12900 --- [    Test worker] o.s.s.concurrent.ThreadPoolTaskExecutor  : Initializing ExecutorService 'applicationTaskExecutor'
2019-12-15 17:44:48.394  INFO 12900 --- [    Test worker] o.s.s.web.DefaultSecurityFilterChain     : Creating filter chain: any request, [org.springframework.security.web.context.request.async.WebAsyncManagerIntegrationFilter@9ef5c6, org.springframework.security.web.context.SecurityContextPersistenceFilter@e536b7, org.springframework.security.web.header.HeaderWriterFilter@7005ad, org.springframework.web.filter.CorsFilter@321fbe, org.springframework.security.web.authentication.logout.LogoutFilter@17ab4ff, com.tbb.demo.security.JwtAuthenticationFilter@83f481, com.tbb.demo.security.JwtAuthorizationFilter@9fc5bb, org.springframework.security.web.savedrequest.RequestCacheAwareFilter@17e89ed, org.springframework.security.web.servletapi.SecurityContextHolderAwareRequestFilter@12a0749, org.springframework.security.web.authentication.AnonymousAuthenticationFilter@190232b, org.springframework.security.web.session.SessionManagementFilter@12b123c, org.springframework.security.web.access.ExceptionTranslationFilter@10b6119, org.springframework.security.web.access.intercept.FilterSecurityInterceptor@104e1d3]
2019-12-15 17:44:48.467  INFO 12900 --- [    Test worker] o.s.b.a.e.web.EndpointLinksResolver      : Exposing 2 endpoint(s) beneath base path '/actuator'
2019-12-15 17:44:48.522  INFO 12900 --- [    Test worker] c.tbb.demo.TravelByBusApplicationTests   : Started TravelByBusApplicationTests in 4.283 seconds (JVM running for 6.008)
2019-12-15 17:44:48.580  INFO 12900 --- [    Test worker] org.mongodb.driver.connection            : Opened connection [connectionId{localValue:2, serverValue:145}] to localhost:27017
2019-12-15 17:44:49.488  INFO 12900 --- [    Test worker] com.tbb.demo.DataInitializer             : Initialized users....
]]></system-out>
  <system-err><![CDATA[]]></system-err>
</testsuite>
