<?xml version="1.0" encoding="UTF-8"?>
<testsuite name="com.tbb.demo.TravelByBusApplicationTests" tests="1" skipped="0" failures="0" errors="0" timestamp="2019-12-15T20:22:43" hostname="DESKTOP-PRELNUC" time="0.343">
  <properties/>
  <testcase name="contextLoads()" classname="com.tbb.demo.TravelByBusApplicationTests" time="0.343"/>
  <system-out><![CDATA[22:22:34.713 [Test worker] DEBUG org.springframework.test.context.BootstrapUtils - Instantiating CacheAwareContextLoaderDelegate from class [org.springframework.test.context.cache.DefaultCacheAwareContextLoaderDelegate]
22:22:34.805 [Test worker] DEBUG org.springframework.test.context.BootstrapUtils - Instantiating BootstrapContext using constructor [public org.springframework.test.context.support.DefaultBootstrapContext(java.lang.Class,org.springframework.test.context.CacheAwareContextLoaderDelegate)]
22:22:34.840 [Test worker] DEBUG org.springframework.test.context.BootstrapUtils - Instantiating TestContextBootstrapper for test class [com.tbb.demo.TravelByBusApplicationTests] from class [org.springframework.boot.test.context.SpringBootTestContextBootstrapper]
22:22:34.883 [Test worker] INFO org.springframework.boot.test.context.SpringBootTestContextBootstrapper - Neither @ContextConfiguration nor @ContextHierarchy found for test class [com.tbb.demo.TravelByBusApplicationTests], using SpringBootContextLoader
22:22:34.888 [Test worker] DEBUG org.springframework.test.context.support.AbstractContextLoader - Did not detect default resource location for test class [com.tbb.demo.TravelByBusApplicationTests]: class path resource [com/tbb/demo/TravelByBusApplicationTests-context.xml] does not exist
22:22:34.889 [Test worker] DEBUG org.springframework.test.context.support.AbstractContextLoader - Did not detect default resource location for test class [com.tbb.demo.TravelByBusApplicationTests]: class path resource [com/tbb/demo/TravelByBusApplicationTestsContext.groovy] does not exist
22:22:34.889 [Test worker] INFO org.springframework.test.context.support.AbstractContextLoader - Could not detect default resource locations for test class [com.tbb.demo.TravelByBusApplicationTests]: no resource found for suffixes {-context.xml, Context.groovy}.
22:22:34.891 [Test worker] INFO org.springframework.test.context.support.AnnotationConfigContextLoaderUtils - Could not detect default configuration classes for test class [com.tbb.demo.TravelByBusApplicationTests]: TravelByBusApplicationTests does not declare any static, non-private, non-final, nested classes annotated with @Configuration.
22:22:35.120 [Test worker] DEBUG org.springframework.test.context.support.ActiveProfilesUtils - Could not find an 'annotation declaring class' for annotation type [org.springframework.test.context.ActiveProfiles] and class [com.tbb.demo.TravelByBusApplicationTests]
22:22:35.189 [Test worker] DEBUG org.springframework.context.annotation.ClassPathScanningCandidateComponentProvider - Identified candidate component class: file [C:\Users\Lyuboslav\IdeaProjects\tbb-api\build\classes\java\main\com\tbb\demo\TravelByBusApplication.class]
22:22:35.190 [Test worker] INFO org.springframework.boot.test.context.SpringBootTestContextBootstrapper - Found @SpringBootConfiguration com.tbb.demo.TravelByBusApplication for test class com.tbb.demo.TravelByBusApplicationTests
22:22:35.301 [Test worker] DEBUG org.springframework.boot.test.context.SpringBootTestContextBootstrapper - @TestExecutionListeners is not present for class [com.tbb.demo.TravelByBusApplicationTests]: using defaults.
22:22:35.302 [Test worker] INFO org.springframework.boot.test.context.SpringBootTestContextBootstrapper - Loaded default TestExecutionListener class names from location [META-INF/spring.factories]: [org.springframework.security.test.context.support.WithSecurityContextTestExecutionListener, org.springframework.security.test.context.support.ReactorContextTestExecutionListener, org.springframework.boot.test.autoconfigure.restdocs.RestDocsTestExecutionListener, org.springframework.boot.test.autoconfigure.web.client.MockRestServiceServerResetTestExecutionListener, org.springframework.boot.test.autoconfigure.web.servlet.MockMvcPrintOnlyOnFailureTestExecutionListener, org.springframework.boot.test.autoconfigure.web.servlet.WebDriverTestExecutionListener, org.springframework.boot.test.mock.mockito.MockitoTestExecutionListener, org.springframework.boot.test.mock.mockito.ResetMocksTestExecutionListener, org.springframework.test.context.web.ServletTestExecutionListener, org.springframework.test.context.support.DirtiesContextBeforeModesTestExecutionListener, org.springframework.test.context.support.DependencyInjectionTestExecutionListener, org.springframework.test.context.support.DirtiesContextTestExecutionListener, org.springframework.test.context.transaction.TransactionalTestExecutionListener, org.springframework.test.context.jdbc.SqlScriptsTestExecutionListener, org.springframework.test.context.event.EventPublishingTestExecutionListener]
22:22:35.453 [Test worker] INFO org.springframework.boot.test.context.SpringBootTestContextBootstrapper - Using TestExecutionListeners: [org.springframework.test.context.web.ServletTestExecutionListener@3a6cc8, org.springframework.test.context.support.DirtiesContextBeforeModesTestExecutionListener@19bcdca, org.springframework.boot.test.mock.mockito.MockitoTestExecutionListener@1a342ee, org.springframework.boot.test.autoconfigure.SpringBootDependencyInjectionTestExecutionListener@47f22f, org.springframework.test.context.support.DirtiesContextTestExecutionListener@1268ac3, org.springframework.test.context.transaction.TransactionalTestExecutionListener@b8ed30, org.springframework.test.context.jdbc.SqlScriptsTestExecutionListener@19b693b, org.springframework.security.test.context.support.WithSecurityContextTestExecutionListener@3225ad, org.springframework.test.context.event.EventPublishingTestExecutionListener@10bd83a, org.springframework.security.test.context.support.ReactorContextTestExecutionListener@b7286, org.springframework.boot.test.autoconfigure.restdocs.RestDocsTestExecutionListener@831dcd, org.springframework.boot.test.autoconfigure.web.client.MockRestServiceServerResetTestExecutionListener@1f348bd, org.springframework.boot.test.autoconfigure.web.servlet.MockMvcPrintOnlyOnFailureTestExecutionListener@d080f1, org.springframework.boot.test.autoconfigure.web.servlet.WebDriverTestExecutionListener@1724a6f, org.springframework.boot.test.mock.mockito.ResetMocksTestExecutionListener@13b4239]
22:22:35.457 [Test worker] DEBUG org.springframework.test.context.support.AbstractDirtiesContextTestExecutionListener - Before test class: context [DefaultTestContext@a229e5 testClass = TravelByBusApplicationTests, testInstance = [null], testMethod = [null], testException = [null], mergedContextConfiguration = [WebMergedContextConfiguration@629198 testClass = TravelByBusApplicationTests, locations = '{}', classes = '{class com.tbb.demo.TravelByBusApplication}', contextInitializerClasses = '[]', activeProfiles = '{}', propertySourceLocations = '{}', propertySourceProperties = '{org.springframework.boot.test.context.SpringBootTestContextBootstrapper=true}', contextCustomizers = set[org.springframework.boot.test.autoconfigure.properties.PropertyMappingContextCustomizer@0, org.springframework.boot.test.autoconfigure.web.servlet.WebDriverContextCustomizerFactory$Customizer@1f09ec7, org.springframework.boot.test.context.filter.ExcludeFilterContextCustomizer@7b95e0, org.springframework.boot.test.json.DuplicateJsonObjectContextCustomizerFactory$DuplicateJsonObjectContextCustomizer@ed3499, org.springframework.boot.test.mock.mockito.MockitoContextCustomizer@0, org.springframework.boot.test.web.client.TestRestTemplateContextCustomizer@19c2a8e], resourceBasePath = 'src/main/webapp', contextLoader = 'org.springframework.boot.test.context.SpringBootContextLoader', parent = [null]], attributes = map['org.springframework.test.context.web.ServletTestExecutionListener.activateListener' -> true]], class annotated with @DirtiesContext [false] with mode [null].
22:22:35.488 [Test worker] DEBUG org.springframework.test.context.support.TestPropertySourceUtils - Adding inlined properties to environment: {spring.jmx.enabled=false, org.springframework.boot.test.context.SpringBootTestContextBootstrapper=true, server.port=-1}

  .   ____          _            __ _ _
 /\\ / ___'_ __ _ _(_)_ __  __ _ \ \ \ \
( ( )\___ | '_ | '_| | '_ \/ _` | \ \ \ \
 \\/  ___)| |_)| | | | | || (_| |  ) ) ) )
  '  |____| .__|_| |_|_| |_\__, | / / / /
 =========|_|==============|___/=/_/_/_/
 :: Spring Boot ::        (v2.2.1.RELEASE)

2019-12-15 22:22:38.727  INFO 16568 --- [    Test worker] c.tbb.demo.TravelByBusApplicationTests   : Starting TravelByBusApplicationTests on DESKTOP-PRELNUC with PID 16568 (started by Lyuboslav in C:\Users\Lyuboslav\IdeaProjects\tbb-api)
2019-12-15 22:22:38.728  INFO 16568 --- [    Test worker] c.tbb.demo.TravelByBusApplicationTests   : No active profile set, falling back to default profiles: default
2019-12-15 22:22:39.503  INFO 16568 --- [    Test worker] .s.d.r.c.RepositoryConfigurationDelegate : Bootstrapping Spring Data repositories in DEFAULT mode.
2019-12-15 22:22:39.576  INFO 16568 --- [    Test worker] .s.d.r.c.RepositoryConfigurationDelegate : Finished Spring Data repository scanning in 67ms. Found 3 repository interfaces.
2019-12-15 22:22:40.833  INFO 16568 --- [    Test worker] org.mongodb.driver.cluster               : Cluster created with settings {hosts=[localhost:27017], mode=SINGLE, requiredClusterType=UNKNOWN, serverSelectionTimeout='30000 ms', maxWaitQueueSize=500}
2019-12-15 22:22:40.953  WARN 16568 --- [    Test worker] o.s.data.convert.CustomConversions       : Registering converter from class java.time.LocalDateTime to class java.time.Instant as reading converter although it doesn't convert from a store-supported type! You might wanna check you annotation setup at the converter implementation.
2019-12-15 22:22:40.954  WARN 16568 --- [    Test worker] o.s.data.convert.CustomConversions       : Registering converter from class java.time.Instant to class java.time.LocalDateTime as reading converter although it doesn't convert from a store-supported type! You might wanna check you annotation setup at the converter implementation.
2019-12-15 22:22:41.047  WARN 16568 --- [    Test worker] o.s.data.convert.CustomConversions       : Registering converter from class java.time.LocalDateTime to class java.time.Instant as reading converter although it doesn't convert from a store-supported type! You might wanna check you annotation setup at the converter implementation.
2019-12-15 22:22:41.047  WARN 16568 --- [    Test worker] o.s.data.convert.CustomConversions       : Registering converter from class java.time.Instant to class java.time.LocalDateTime as reading converter although it doesn't convert from a store-supported type! You might wanna check you annotation setup at the converter implementation.
2019-12-15 22:22:41.325  INFO 16568 --- [localhost:27017] org.mongodb.driver.connection            : Opened connection [connectionId{localValue:1, serverValue:828}] to localhost:27017
2019-12-15 22:22:41.330  INFO 16568 --- [localhost:27017] org.mongodb.driver.cluster               : Monitor thread successfully connected to server with description ServerDescription{address=localhost:27017, type=STANDALONE, state=CONNECTED, ok=true, version=ServerVersion{versionList=[4, 2, 1]}, minWireVersion=0, maxWireVersion=8, maxDocumentSize=16777216, logicalSessionTimeoutMinutes=30, roundTripTimeNanos=2812713}
2019-12-15 22:22:42.657  INFO 16568 --- [    Test worker] o.s.s.concurrent.ThreadPoolTaskExecutor  : Initializing ExecutorService 'applicationTaskExecutor'
2019-12-15 22:22:43.268  INFO 16568 --- [    Test worker] o.s.s.web.DefaultSecurityFilterChain     : Creating filter chain: any request, [org.springframework.security.web.context.request.async.WebAsyncManagerIntegrationFilter@18797c0, org.springframework.security.web.context.SecurityContextPersistenceFilter@1b15c59, org.springframework.security.web.header.HeaderWriterFilter@4b0362, org.springframework.web.filter.CorsFilter@c1af00, org.springframework.security.web.authentication.logout.LogoutFilter@1d9bc19, com.tbb.demo.security.JwtAuthenticationFilter@169b619, com.tbb.demo.security.JwtAuthorizationFilter@8d691f, org.springframework.security.web.savedrequest.RequestCacheAwareFilter@a945dd, org.springframework.security.web.servletapi.SecurityContextHolderAwareRequestFilter@1f1bd06, org.springframework.security.web.authentication.AnonymousAuthenticationFilter@1ebdc19, org.springframework.security.web.session.SessionManagementFilter@3d961, org.springframework.security.web.access.ExceptionTranslationFilter@334121, org.springframework.security.web.access.intercept.FilterSecurityInterceptor@b8050b]
2019-12-15 22:22:43.340  INFO 16568 --- [    Test worker] o.s.b.a.e.web.EndpointLinksResolver      : Exposing 2 endpoint(s) beneath base path '/actuator'
2019-12-15 22:22:43.399  INFO 16568 --- [    Test worker] c.tbb.demo.TravelByBusApplicationTests   : Started TravelByBusApplicationTests in 7.898 seconds (JVM running for 11.238)
2019-12-15 22:22:43.494  INFO 16568 --- [    Test worker] org.mongodb.driver.connection            : Opened connection [connectionId{localValue:2, serverValue:829}] to localhost:27017
]]></system-out>
  <system-err><![CDATA[]]></system-err>
</testsuite>
