<?xml version="1.0" encoding="UTF-8"?>
<testsuite name="com.tbb.demo.TravelByBusApplicationTests" tests="1" skipped="0" failures="0" errors="0" timestamp="2019-12-14T16:35:05" hostname="DESKTOP-PRELNUC" time="0.304">
  <properties/>
  <testcase name="contextLoads()" classname="com.tbb.demo.TravelByBusApplicationTests" time="0.304"/>
  <system-out><![CDATA[18:35:00.958 [Test worker] DEBUG org.springframework.test.context.BootstrapUtils - Instantiating CacheAwareContextLoaderDelegate from class [org.springframework.test.context.cache.DefaultCacheAwareContextLoaderDelegate]
18:35:00.977 [Test worker] DEBUG org.springframework.test.context.BootstrapUtils - Instantiating BootstrapContext using constructor [public org.springframework.test.context.support.DefaultBootstrapContext(java.lang.Class,org.springframework.test.context.CacheAwareContextLoaderDelegate)]
18:35:01.007 [Test worker] DEBUG org.springframework.test.context.BootstrapUtils - Instantiating TestContextBootstrapper for test class [com.tbb.demo.TravelByBusApplicationTests] from class [org.springframework.boot.test.context.SpringBootTestContextBootstrapper]
18:35:01.034 [Test worker] INFO org.springframework.boot.test.context.SpringBootTestContextBootstrapper - Neither @ContextConfiguration nor @ContextHierarchy found for test class [com.tbb.demo.TravelByBusApplicationTests], using SpringBootContextLoader
18:35:01.038 [Test worker] DEBUG org.springframework.test.context.support.AbstractContextLoader - Did not detect default resource location for test class [com.tbb.demo.TravelByBusApplicationTests]: class path resource [com/tbb/demo/TravelByBusApplicationTests-context.xml] does not exist
18:35:01.039 [Test worker] DEBUG org.springframework.test.context.support.AbstractContextLoader - Did not detect default resource location for test class [com.tbb.demo.TravelByBusApplicationTests]: class path resource [com/tbb/demo/TravelByBusApplicationTestsContext.groovy] does not exist
18:35:01.039 [Test worker] INFO org.springframework.test.context.support.AbstractContextLoader - Could not detect default resource locations for test class [com.tbb.demo.TravelByBusApplicationTests]: no resource found for suffixes {-context.xml, Context.groovy}.
18:35:01.040 [Test worker] INFO org.springframework.test.context.support.AnnotationConfigContextLoaderUtils - Could not detect default configuration classes for test class [com.tbb.demo.TravelByBusApplicationTests]: TravelByBusApplicationTests does not declare any static, non-private, non-final, nested classes annotated with @Configuration.
18:35:01.105 [Test worker] DEBUG org.springframework.test.context.support.ActiveProfilesUtils - Could not find an 'annotation declaring class' for annotation type [org.springframework.test.context.ActiveProfiles] and class [com.tbb.demo.TravelByBusApplicationTests]
18:35:01.170 [Test worker] DEBUG org.springframework.context.annotation.ClassPathScanningCandidateComponentProvider - Identified candidate component class: file [C:\Users\Lyuboslav\IdeaProjects\tbb-api\build\classes\java\main\com\tbb\demo\TravelByBusApplication.class]
18:35:01.171 [Test worker] INFO org.springframework.boot.test.context.SpringBootTestContextBootstrapper - Found @SpringBootConfiguration com.tbb.demo.TravelByBusApplication for test class com.tbb.demo.TravelByBusApplicationTests
18:35:01.279 [Test worker] DEBUG org.springframework.boot.test.context.SpringBootTestContextBootstrapper - @TestExecutionListeners is not present for class [com.tbb.demo.TravelByBusApplicationTests]: using defaults.
18:35:01.280 [Test worker] INFO org.springframework.boot.test.context.SpringBootTestContextBootstrapper - Loaded default TestExecutionListener class names from location [META-INF/spring.factories]: [org.springframework.security.test.context.support.WithSecurityContextTestExecutionListener, org.springframework.security.test.context.support.ReactorContextTestExecutionListener, org.springframework.boot.test.autoconfigure.restdocs.RestDocsTestExecutionListener, org.springframework.boot.test.autoconfigure.web.client.MockRestServiceServerResetTestExecutionListener, org.springframework.boot.test.autoconfigure.web.servlet.MockMvcPrintOnlyOnFailureTestExecutionListener, org.springframework.boot.test.autoconfigure.web.servlet.WebDriverTestExecutionListener, org.springframework.boot.test.mock.mockito.MockitoTestExecutionListener, org.springframework.boot.test.mock.mockito.ResetMocksTestExecutionListener, org.springframework.test.context.web.ServletTestExecutionListener, org.springframework.test.context.support.DirtiesContextBeforeModesTestExecutionListener, org.springframework.test.context.support.DependencyInjectionTestExecutionListener, org.springframework.test.context.support.DirtiesContextTestExecutionListener, org.springframework.test.context.transaction.TransactionalTestExecutionListener, org.springframework.test.context.jdbc.SqlScriptsTestExecutionListener, org.springframework.test.context.event.EventPublishingTestExecutionListener]
18:35:01.330 [Test worker] INFO org.springframework.boot.test.context.SpringBootTestContextBootstrapper - Using TestExecutionListeners: [org.springframework.test.context.web.ServletTestExecutionListener@106858c, org.springframework.test.context.support.DirtiesContextBeforeModesTestExecutionListener@1ab19df, org.springframework.boot.test.mock.mockito.MockitoTestExecutionListener@1b3e680, org.springframework.boot.test.autoconfigure.SpringBootDependencyInjectionTestExecutionListener@9201e8, org.springframework.test.context.support.DirtiesContextTestExecutionListener@14bd413, org.springframework.test.context.transaction.TransactionalTestExecutionListener@f754c4, org.springframework.test.context.jdbc.SqlScriptsTestExecutionListener@182a7c, org.springframework.security.test.context.support.WithSecurityContextTestExecutionListener@c1e416, org.springframework.test.context.event.EventPublishingTestExecutionListener@1535911, org.springframework.security.test.context.support.ReactorContextTestExecutionListener@14669cb, org.springframework.boot.test.autoconfigure.restdocs.RestDocsTestExecutionListener@5af595, org.springframework.boot.test.autoconfigure.web.client.MockRestServiceServerResetTestExecutionListener@16657dc, org.springframework.boot.test.autoconfigure.web.servlet.MockMvcPrintOnlyOnFailureTestExecutionListener@cc11b0, org.springframework.boot.test.autoconfigure.web.servlet.WebDriverTestExecutionListener@1822d3, org.springframework.boot.test.mock.mockito.ResetMocksTestExecutionListener@1819818]
18:35:01.334 [Test worker] DEBUG org.springframework.test.context.support.AbstractDirtiesContextTestExecutionListener - Before test class: context [DefaultTestContext@94c4dd testClass = TravelByBusApplicationTests, testInstance = [null], testMethod = [null], testException = [null], mergedContextConfiguration = [WebMergedContextConfiguration@7b62e5 testClass = TravelByBusApplicationTests, locations = '{}', classes = '{class com.tbb.demo.TravelByBusApplication}', contextInitializerClasses = '[]', activeProfiles = '{}', propertySourceLocations = '{}', propertySourceProperties = '{org.springframework.boot.test.context.SpringBootTestContextBootstrapper=true}', contextCustomizers = set[org.springframework.boot.test.autoconfigure.properties.PropertyMappingContextCustomizer@0, org.springframework.boot.test.autoconfigure.web.servlet.WebDriverContextCustomizerFactory$Customizer@1cc6dde, org.springframework.boot.test.context.filter.ExcludeFilterContextCustomizer@18741c8, org.springframework.boot.test.json.DuplicateJsonObjectContextCustomizerFactory$DuplicateJsonObjectContextCustomizer@dee7cc, org.springframework.boot.test.mock.mockito.MockitoContextCustomizer@0, org.springframework.boot.test.web.client.TestRestTemplateContextCustomizer@109ba7b], resourceBasePath = 'src/main/webapp', contextLoader = 'org.springframework.boot.test.context.SpringBootContextLoader', parent = [null]], attributes = map['org.springframework.test.context.web.ServletTestExecutionListener.activateListener' -> true]], class annotated with @DirtiesContext [false] with mode [null].
18:35:01.375 [Test worker] DEBUG org.springframework.test.context.support.TestPropertySourceUtils - Adding inlined properties to environment: {spring.jmx.enabled=false, org.springframework.boot.test.context.SpringBootTestContextBootstrapper=true, server.port=-1}

  .   ____          _            __ _ _
 /\\ / ___'_ __ _ _(_)_ __  __ _ \ \ \ \
( ( )\___ | '_ | '_| | '_ \/ _` | \ \ \ \
 \\/  ___)| |_)| | | | | || (_| |  ) ) ) )
  '  |____| .__|_| |_|_| |_\__, | / / / /
 =========|_|==============|___/=/_/_/_/
 :: Spring Boot ::        (v2.2.1.RELEASE)

2019-12-14 18:35:01.790  INFO 5536 --- [    Test worker] c.tbb.demo.TravelByBusApplicationTests   : Starting TravelByBusApplicationTests on DESKTOP-PRELNUC with PID 5536 (started by Lyuboslav in C:\Users\Lyuboslav\IdeaProjects\tbb-api)
2019-12-14 18:35:01.791  INFO 5536 --- [    Test worker] c.tbb.demo.TravelByBusApplicationTests   : No active profile set, falling back to default profiles: default
2019-12-14 18:35:02.515  INFO 5536 --- [    Test worker] .s.d.r.c.RepositoryConfigurationDelegate : Bootstrapping Spring Data repositories in DEFAULT mode.
2019-12-14 18:35:02.586  INFO 5536 --- [    Test worker] .s.d.r.c.RepositoryConfigurationDelegate : Finished Spring Data repository scanning in 66ms. Found 3 repository interfaces.
2019-12-14 18:35:03.310  INFO 5536 --- [    Test worker] org.mongodb.driver.cluster               : Cluster created with settings {hosts=[localhost:27017], mode=SINGLE, requiredClusterType=UNKNOWN, serverSelectionTimeout='30000 ms', maxWaitQueueSize=500}
2019-12-14 18:35:03.415  INFO 5536 --- [localhost:27017] org.mongodb.driver.connection            : Opened connection [connectionId{localValue:1, serverValue:25}] to localhost:27017
2019-12-14 18:35:03.420  INFO 5536 --- [localhost:27017] org.mongodb.driver.cluster               : Monitor thread successfully connected to server with description ServerDescription{address=localhost:27017, type=STANDALONE, state=CONNECTED, ok=true, version=ServerVersion{versionList=[4, 2, 1]}, minWireVersion=0, maxWireVersion=8, maxDocumentSize=16777216, logicalSessionTimeoutMinutes=30, roundTripTimeNanos=2822195}
2019-12-14 18:35:03.454  WARN 5536 --- [    Test worker] o.s.data.convert.CustomConversions       : Registering converter from class java.time.LocalDateTime to class java.time.Instant as reading converter although it doesn't convert from a store-supported type! You might wanna check you annotation setup at the converter implementation.
2019-12-14 18:35:03.455  WARN 5536 --- [    Test worker] o.s.data.convert.CustomConversions       : Registering converter from class java.time.Instant to class java.time.LocalDateTime as reading converter although it doesn't convert from a store-supported type! You might wanna check you annotation setup at the converter implementation.
2019-12-14 18:35:03.542  WARN 5536 --- [    Test worker] o.s.data.convert.CustomConversions       : Registering converter from class java.time.LocalDateTime to class java.time.Instant as reading converter although it doesn't convert from a store-supported type! You might wanna check you annotation setup at the converter implementation.
2019-12-14 18:35:03.542  WARN 5536 --- [    Test worker] o.s.data.convert.CustomConversions       : Registering converter from class java.time.Instant to class java.time.LocalDateTime as reading converter although it doesn't convert from a store-supported type! You might wanna check you annotation setup at the converter implementation.
2019-12-14 18:35:04.354  INFO 5536 --- [    Test worker] o.s.s.concurrent.ThreadPoolTaskExecutor  : Initializing ExecutorService 'applicationTaskExecutor'
2019-12-14 18:35:04.929  INFO 5536 --- [    Test worker] o.s.s.web.DefaultSecurityFilterChain     : Creating filter chain: any request, [org.springframework.security.web.context.request.async.WebAsyncManagerIntegrationFilter@ae851e, org.springframework.security.web.context.SecurityContextPersistenceFilter@12b123c, org.springframework.security.web.header.HeaderWriterFilter@10b6119, org.springframework.web.filter.CorsFilter@1ce36f7, org.springframework.security.web.authentication.logout.LogoutFilter@1c396ec, com.tbb.demo.security.JwtAuthenticationFilter@15d3ef4, com.tbb.demo.security.JwtAuthorizationFilter@9ef5c6, org.springframework.security.web.savedrequest.RequestCacheAwareFilter@15392a5, org.springframework.security.web.servletapi.SecurityContextHolderAwareRequestFilter@18c0be4, org.springframework.security.web.authentication.AnonymousAuthenticationFilter@321fbe, org.springframework.security.web.session.SessionManagementFilter@e857b6, org.springframework.security.web.access.ExceptionTranslationFilter@31e6b, org.springframework.security.web.access.intercept.FilterSecurityInterceptor@3ad7ad]
2019-12-14 18:35:04.998  INFO 5536 --- [    Test worker] o.s.b.a.e.web.EndpointLinksResolver      : Exposing 2 endpoint(s) beneath base path '/actuator'
2019-12-14 18:35:05.056  INFO 5536 --- [    Test worker] c.tbb.demo.TravelByBusApplicationTests   : Started TravelByBusApplicationTests in 3.672 seconds (JVM running for 5.209)
2019-12-14 18:35:05.119  INFO 5536 --- [    Test worker] org.mongodb.driver.connection            : Opened connection [connectionId{localValue:2, serverValue:26}] to localhost:27017
]]></system-out>
  <system-err><![CDATA[]]></system-err>
</testsuite>
